<?xml version="1.0" encoding="UTF-8"?>
<!-- Generated by org.testng.reporters.JUnitXMLReporter -->
<testsuite hostname="DESKTOP-7IDVFK7" name="Lenoxo app" tests="1" failures="1" timestamp="2 Apr 2021 13:52:18 GMT" time="99.698" errors="0">
  <testcase name="LoginFlow" time="80.318" classname="tests.testngTests.LennoxTest">
    <failure type="org.openqa.selenium.InvalidElementStateException" message="Swipe action cannot be performed
Build info: version: &amp;apos;3.141.59&amp;apos;, revision: &amp;apos;e82be7d358&amp;apos;, time: &amp;apos;2018-11-14T08:17:03&amp;apos;
System info: host: &amp;apos;DESKTOP-7IDVFK7&amp;apos;, ip: &amp;apos;192.168.29.143&amp;apos;, os.name: &amp;apos;Windows 10&amp;apos;, os.arch: &amp;apos;amd64&amp;apos;, os.version: &amp;apos;10.0&amp;apos;, java.version: &amp;apos;1.8.0_151&amp;apos;
Driver info: io.appium.java_client.android.AndroidDriver
Capabilities {app: F:\LennoxAppFramework\src\m..., appActivity: crc647cb4db12adeb0334.Splas..., appPackage: com.lennox.DaveNet, automationName: UiAutomator2, databaseEnabled: false, desired: {app: F:\LennoxAppFramework\src\m..., appActivity: crc647cb4db12adeb0334.Splas..., appPackage: com.lennox.DaveNet, automationName: UiAutomator2, deviceName: OnePlus8_IND, noReset: false, platformName: android, platformVersion: 11.0}, deviceApiLevel: 30, deviceManufacturer: OnePlus, deviceModel: IN2011, deviceName: 8c0e4216, deviceScreenDensity: 450, deviceScreenSize: 1080x2400, deviceUDID: 8c0e4216, javascriptEnabled: true, locationContextEnabled: false, networkConnectionEnabled: true, noReset: false, pixelRatio: 2.8125, platform: LINUX, platformName: Android, platformVersion: 11, statBarHeight: 104, takesScreenshot: true, viewportRect: {height: 2148, left: 0, top: 104, width: 1080}, warnings: {}, webStorageEnabled: false}
Session ID: 1b701cb1-05a7-484b-903f-278a60b14125">
      <![CDATA[org.openqa.selenium.InvalidElementStateException: Swipe action cannot be performed
Build info: version: '3.141.59', revision: 'e82be7d358', time: '2018-11-14T08:17:03'
System info: host: 'DESKTOP-7IDVFK7', ip: '192.168.29.143', os.name: 'Windows 10', os.arch: 'amd64', os.version: '10.0', java.version: '1.8.0_151'
Driver info: io.appium.java_client.android.AndroidDriver
Capabilities {app: F:\LennoxAppFramework\src\m..., appActivity: crc647cb4db12adeb0334.Splas..., appPackage: com.lennox.DaveNet, automationName: UiAutomator2, databaseEnabled: false, desired: {app: F:\LennoxAppFramework\src\m..., appActivity: crc647cb4db12adeb0334.Splas..., appPackage: com.lennox.DaveNet, automationName: UiAutomator2, deviceName: OnePlus8_IND, noReset: false, platformName: android, platformVersion: 11.0}, deviceApiLevel: 30, deviceManufacturer: OnePlus, deviceModel: IN2011, deviceName: 8c0e4216, deviceScreenDensity: 450, deviceScreenSize: 1080x2400, deviceUDID: 8c0e4216, javascriptEnabled: true, locationContextEnabled: false, networkConnectionEnabled: true, noReset: false, pixelRatio: 2.8125, platform: LINUX, platformName: Android, platformVersion: 11, statBarHeight: 104, takesScreenshot: true, viewportRect: {height: 2148, left: 0, top: 104, width: 1080}, warnings: {}, webStorageEnabled: false}
Session ID: 1b701cb1-05a7-484b-903f-278a60b14125
	at org.openqa.selenium.remote.http.W3CHttpResponseCodec.createException(W3CHttpResponseCodec.java:187)
	at org.openqa.selenium.remote.http.W3CHttpResponseCodec.decode(W3CHttpResponseCodec.java:122)
	at org.openqa.selenium.remote.http.W3CHttpResponseCodec.decode(W3CHttpResponseCodec.java:49)
	at org.openqa.selenium.remote.HttpCommandExecutor.execute(HttpCommandExecutor.java:158)
	at io.appium.java_client.remote.AppiumCommandExecutor.execute(AppiumCommandExecutor.java:239)
	at org.openqa.selenium.remote.RemoteWebDriver.execute(RemoteWebDriver.java:552)
	at io.appium.java_client.DefaultGenericMobileDriver.execute(DefaultGenericMobileDriver.java:41)
	at io.appium.java_client.AppiumDriver.execute(AppiumDriver.java:1)
	at io.appium.java_client.android.AndroidDriver.execute(AndroidDriver.java:1)
	at io.appium.java_client.PerformsTouchActions.performTouchAction(PerformsTouchActions.java:41)
	at io.appium.java_client.TouchAction.perform(TouchAction.java:187)
	at utils.GenericMethods.scrollDownNClick(GenericMethods.java:234)
	at IntegrationTests.screens.android.DashBoardScreen.checkViewMoreBtn(DashBoardScreen.java:170)
	at IntegrationTests.coreLogic.android.AndroidCoreLogic.userChangeTheStorePickup(AndroidCoreLogic.java:80)
	at tests.testngTests.LennoxTest.LoginFlow(LennoxTest.java:97)
... Removed 32 stack frames]]>
    </failure>
  </testcase> <!-- LoginFlow -->
</testsuite> <!-- Lenoxo app -->
