<?xml version="1.0" encoding="UTF-8"?>
<!-- Generated by org.testng.reporters.JUnitXMLReporter -->
<testsuite hostname="DESKTOP-7IDVFK7" name="Lenoxo app" tests="1" failures="1" timestamp="5 Apr 2021 06:01:48 GMT" time="224.618" errors="0">
  <testcase name="LennoxHeaterProductCheckoutTest" time="180.387" classname="tests.testngTests.LennoxTest">
    <failure type="org.openqa.selenium.WebDriverException" message="&amp;lt;html&amp;gt;&amp;lt;body&amp;gt;&amp;lt;h1&amp;gt;504 Gateway Time-out&amp;lt;/h1&amp;gt;
The server didn&amp;apos;t respond in time.
&amp;lt;/body&amp;gt;&amp;lt;/html&amp;gt;
Command duration or timeout: 180.34 seconds
Build info: version: &amp;apos;3.141.59&amp;apos;, revision: &amp;apos;e82be7d358&amp;apos;, time: &amp;apos;2018-11-14T08:17:03&amp;apos;
System info: host: &amp;apos;DESKTOP-7IDVFK7&amp;apos;, ip: &amp;apos;192.168.29.144&amp;apos;, os.name: &amp;apos;Windows 10&amp;apos;, os.arch: &amp;apos;amd64&amp;apos;, os.version: &amp;apos;10.0&amp;apos;, java.version: &amp;apos;1.8.0_151&amp;apos;
Driver info: io.appium.java_client.android.AndroidDriver
Capabilities {app: /tmp/tmpckY0nq/aos.apk, appActivity: crc647cb4db12adeb0334.Splas..., appPackage: com.lennox.DaveNet, autoAcceptAlerts: true, automationName: UiAutomator2, databaseEnabled: false, desired: {app: /tmp/tmpckY0nq/aos.apk, appActivity: crc647cb4db12adeb0334.Splas..., appPackage: com.lennox.DaveNet, autoAcceptAlerts: true, automationName: UiAutomator2, deviceName: Samsung Galaxy Tab A 10 Goo..., eventTimings: true, maxTypingFrequency: 8, newCommandTimeout: 0, noReset: false, noSign: true, orientation: PORTRAIT, platformName: Android, platformVersion: 8.0, proxy: {proxyAutoconfigUrl: http://127.0.0.1:19876/pac.js, proxyType: PAC}, udid: emulator-5554, webdriver.remote.quietExceptions: false}, deviceManufacturer: unknown, deviceModel: Android SDK built for x86_64, deviceName: emulator-5554, deviceScreenDensity: 240, deviceScreenSize: 1200x1920, deviceUDID: emulator-5554, eventTimings: true, hasMetadata: true, javascriptEnabled: true, locationContextEnabled: false, maxTypingFrequency: 8, networkConnectionEnabled: true, newCommandTimeout: 0, noReset: false, noSign: true, orientation: PORTRAIT, pixelRatio: 1.5, platform: LINUX, platformName: Android, platformVersion: 8.0.0, proxy: Proxy(pac: http://127.0.0.1..., statBarHeight: 36, takesScreenshot: true, udid: emulator-5554, viewportRect: {height: 1812, left: 0, top: 36, width: 1200}, warnings: {}, webStorageEnabled: false, webdriver.remote.quietExceptions: false, webdriver.remote.sessionid: 55c182f8dad7485fb2683bc3a9c...}
Session ID: 55c182f8dad7485fb2683bc3a9c6e453">
      <![CDATA[org.openqa.selenium.WebDriverException: <html><body><h1>504 Gateway Time-out</h1>
The server didn't respond in time.
</body></html>
Command duration or timeout: 180.34 seconds
Build info: version: '3.141.59', revision: 'e82be7d358', time: '2018-11-14T08:17:03'
System info: host: 'DESKTOP-7IDVFK7', ip: '192.168.29.144', os.name: 'Windows 10', os.arch: 'amd64', os.version: '10.0', java.version: '1.8.0_151'
Driver info: io.appium.java_client.android.AndroidDriver
Capabilities {app: /tmp/tmpckY0nq/aos.apk, appActivity: crc647cb4db12adeb0334.Splas..., appPackage: com.lennox.DaveNet, autoAcceptAlerts: true, automationName: UiAutomator2, databaseEnabled: false, desired: {app: /tmp/tmpckY0nq/aos.apk, appActivity: crc647cb4db12adeb0334.Splas..., appPackage: com.lennox.DaveNet, autoAcceptAlerts: true, automationName: UiAutomator2, deviceName: Samsung Galaxy Tab A 10 Goo..., eventTimings: true, maxTypingFrequency: 8, newCommandTimeout: 0, noReset: false, noSign: true, orientation: PORTRAIT, platformName: Android, platformVersion: 8.0, proxy: {proxyAutoconfigUrl: http://127.0.0.1:19876/pac.js, proxyType: PAC}, udid: emulator-5554, webdriver.remote.quietExceptions: false}, deviceManufacturer: unknown, deviceModel: Android SDK built for x86_64, deviceName: emulator-5554, deviceScreenDensity: 240, deviceScreenSize: 1200x1920, deviceUDID: emulator-5554, eventTimings: true, hasMetadata: true, javascriptEnabled: true, locationContextEnabled: false, maxTypingFrequency: 8, networkConnectionEnabled: true, newCommandTimeout: 0, noReset: false, noSign: true, orientation: PORTRAIT, pixelRatio: 1.5, platform: LINUX, platformName: Android, platformVersion: 8.0.0, proxy: Proxy(pac: http://127.0.0.1..., statBarHeight: 36, takesScreenshot: true, udid: emulator-5554, viewportRect: {height: 1812, left: 0, top: 36, width: 1200}, warnings: {}, webStorageEnabled: false, webdriver.remote.quietExceptions: false, webdriver.remote.sessionid: 55c182f8dad7485fb2683bc3a9c...}
Session ID: 55c182f8dad7485fb2683bc3a9c6e453
	at org.openqa.selenium.remote.ErrorHandler.createThrowable(ErrorHandler.java:214)
	at org.openqa.selenium.remote.ErrorHandler.throwIfResponseFailed(ErrorHandler.java:166)
	at org.openqa.selenium.remote.RemoteWebDriver.execute(RemoteWebDriver.java:586)
	at io.appium.java_client.DefaultGenericMobileDriver.execute(DefaultGenericMobileDriver.java:45)
	at io.appium.java_client.AppiumDriver.execute(AppiumDriver.java:1)
	at io.appium.java_client.android.AndroidDriver.execute(AndroidDriver.java:1)
	at org.openqa.selenium.remote.RemoteWebDriver$RemoteTargetLocator.alert(RemoteWebDriver.java:932)
	at org.openqa.selenium.support.ui.ExpectedConditions$28.apply(ExpectedConditions.java:806)
	at org.openqa.selenium.support.ui.ExpectedConditions$28.apply(ExpectedConditions.java:802)
	at org.openqa.selenium.support.ui.FluentWait.until(FluentWait.java:249)
	at utils.GenericMethods.isAlertPresent(GenericMethods.java:182)
	at IntegrationTests.screens.android.LoginScreen.alertHandle(LoginScreen.java:43)
	at IntegrationTests.coreLogic.android.AndroidCoreLogic.verifyLoginFlow(AndroidCoreLogic.java:33)
	at tests.testngTests.LennoxTest.LennoxHeaterProductCheckoutTest(LennoxTest.java:73)
... Removed 32 stack frames]]>
    </failure>
  </testcase> <!-- LennoxHeaterProductCheckoutTest -->
</testsuite> <!-- Lenoxo app -->
