<?xml version="1.0" encoding="UTF-8"?>
<testsuite xmlns:xsi="http://www.w3.org/2001/XMLSchema-instance" xsi:noNamespaceSchemaLocation="https://maven.apache.org/surefire/maven-surefire-plugin/xsd/surefire-test-report.xsd" name="TestSuite" time="250.767" tests="1" errors="0" skipped="0" failures="1">
  <properties>
[...]
</properties>
  <testcase name="UserCheckOutMiniHeaterProduct" classname="tests.testngTests.LennoxTest" time="196.41">
    <failure message="Expected condition failed: waiting for visibility of Proxy element for: DefaultElementLocator &apos;By.xpath: //android.view.View[@resource-id=&apos;store-radius&apos;]&apos; (tried for 100 second(s) with 500 milliseconds interval)" type="org.openqa.selenium.TimeoutException">org.openqa.selenium.TimeoutException: Expected condition failed: waiting for visibility of Proxy element for: DefaultElementLocator 'By.xpath: //android.view.View[@resource-id='store-radius']' (tried for 100 second(s) with 500 milliseconds interval)
	at tests.testngTests.LennoxTest.UserCheckOutMiniHeaterProduct(LennoxTest.java:45)
Caused by: org.openqa.selenium.NoSuchElementException: 
An element could not be located on the page using the given search parameters. (WARNING: The server did not provide any stacktrace information)
Command duration or timeout: 0 milliseconds
For documentation on this error, please visit: https://www.seleniumhq.org/exceptions/no_such_element.html
Build info: version: '3.141.59', revision: 'e82be7d358', time: '2018-11-14T08:17:03'
System info: host: 'DESKTOP-7IDVFK7', ip: '192.168.29.143', os.name: 'Windows 10', os.arch: 'amd64', os.version: '10.0', java.version: '1.8.0_151'
Driver info: io.appium.java_client.android.AndroidDriver
Capabilities {adbPort: 15009, appActivity: crc647cb4db12adeb0334.Splas..., appPackage: com.lennox.DaveNet, automationName: UiAutomator2, chromedriverChromeMappingFile: /root/.testobject_devices/w..., chromedriverExecutableDir: /root/.testobject_devices/w..., chromedriverPorts: [[26090, 26100]], databaseEnabled: false, desired: {adbPort: 15009, appActivity: crc647cb4db12adeb0334.Splas..., appPackage: com.lennox.DaveNet, automationName: UiAutomator2, chromedriverChromeMappingFile: /root/.testobject_devices/w..., chromedriverExecutableDir: /root/.testobject_devices/w..., chromedriverPorts: [[26090, 26100]], deviceName: Samsung_Galaxy_S9_free, name: UserCheckOutMiniHeaterProduct, noReset: false, platformName: Android, suppressKillServer: true, systemPort: 8209, testobject_platform_name: Android, testobject_test_name: UserCheckOutMiniHeaterProduct, uiautomator2ServerInstallTimeout: 60000}, deviceApiLevel: 29, deviceContextId: 78a1cd65-aba4-478f-8458-1ce..., deviceManufacturer: samsung, deviceModel: SM-G960U1, deviceName: 10.101.72.23:16027, deviceScreenDensity: 640, deviceScreenSize: 1440x2960, deviceUDID: 10.101.72.23:16027, javascriptEnabled: true, locationContextEnabled: false, name: UserCheckOutMiniHeaterProduct, networkConnectionEnabled: true, noReset: false, pixelRatio: 4, platform: LINUX, platformName: Android, platformVersion: 10, statBarHeight: 96, suppressKillServer: true, systemPort: 8209, takesScreenshot: true, testobject_device: Samsung_Galaxy_S9_free, testobject_device_name: Samsung Galaxy S9, testobject_device_session_id: 1f35bc33-d5ab-4d56-9628-f95..., testobject_platform_name: Android, testobject_project_id: saucelabs-default, testobject_test_name: UserCheckOutMiniHeaterProduct, testobject_test_report_api_url: https://api.us-west-1.sauce..., testobject_test_report_id: 59, testobject_test_report_url: https://app.saucelabs.com/t..., testobject_user_id: ishika1235, uiautomator2ServerInstallTimeout: 60000, viewportRect: {height: 2672, left: 0, top: 96, width: 1440}, warnings: {}, webStorageEnabled: false}
Session ID: 46e936a8-ba2a-4366-832d-fd1d05c5a9bb
*** Element info: {Using=xpath, value=//android.view.View[@resource-id='store-radius']}
	at tests.testngTests.LennoxTest.UserCheckOutMiniHeaterProduct(LennoxTest.java:45)
</failure>
    <system-out><![CDATA[31 Mar 2021 22:22:52  INFO logger - --------------------------------------
31 Mar 2021 22:22:52  INFO logger - session with saucelab started: https://ishika1235:5db71aae-5dd3-4eba-96eb-8c13ae479767@ondemand.us-west-1.saucelabs.com:443/wd/hub
31 Mar 2021 22:23:31  INFO logger - Android driver created
31 Mar 2021 22:23:31  INFO logger - Running login test
31 Mar 2021 22:23:31  INFO logger - check if any alert present
31 Mar 2021 22:23:38  INFO logger - Logo is displayed
31 Mar 2021 22:23:38  INFO logger - user click on Sign In link
Element is getting entered adsync104@outlook.com
Element is getting entered Community14
31 Mar 2021 22:23:53  INFO logger - Login Successful
31 Mar 2021 22:23:57  INFO logger - user clear the cart first
31 Mar 2021 22:24:05  INFO logger - Cart Logo is displayed
31 Mar 2021 22:24:06  INFO logger - cart is already empty
31 Mar 2021 22:24:06  INFO logger - cart is empty now
31 Mar 2021 22:24:06  INFO logger - user click on Menu Icon
31 Mar 2021 22:24:20  INFO logger - user select commercial option from Menu
31 Mar 2021 22:24:24  INFO logger - user scroll and select Mini-Split Single Zone Heat Pumps from the commercial list
31 Mar 2021 22:24:41  INFO logger - user is shown 14 results
31 Mar 2021 22:24:56  INFO logger - user check default deliver to 45133-1102 and pickup Cincinnati
31 Mar 2021 22:25:00  INFO logger - user clicked to modify store pickup
Element is getting entered 75080
]]></system-out>
    <system-err><![CDATA[Mar 31, 2021 10:23:31 PM io.appium.java_client.remote.AppiumCommandExecutor$1 lambda$0
INFO: Detected dialect: OSS
Mar 31, 2021 10:23:53 PM org.openqa.selenium.remote.Augmenter extractRemoteWebDriver
WARNING: Augmenter should be applied to the instances of @Augmentable classes or previously augmented instances only (instance class was: class io.appium.java_client.android.AndroidDriver)
Mar 31, 2021 10:24:52 PM org.openqa.selenium.remote.Augmenter extractRemoteWebDriver
WARNING: Augmenter should be applied to the instances of @Augmentable classes or previously augmented instances only (instance class was: class io.appium.java_client.android.AndroidDriver)
]]></system-err>
  </testcase>
</testsuite>