<?xml version="1.0" encoding="UTF-8"?>
<testng-results skipped="0" failed="1" total="1" passed="0">
  <reporter-output>
  </reporter-output>
  <suite name="Lenoxo suite" duration-ms="224618" started-at="2021-04-05T05:58:04Z" finished-at="2021-04-05T06:01:48Z">
    <groups>
    </groups>
    <test name="Lenoxo app" duration-ms="224618" started-at="2021-04-05T05:58:04Z" finished-at="2021-04-05T06:01:48Z">
      <class name="tests.testngTests.LennoxTest">
        <test-method status="PASS" signature="createDriver(java.lang.String)[pri:0, instance:tests.testngTests.LennoxTest@e45f292]" name="createDriver" is-config="true" duration-ms="40681" started-at="2021-04-05T11:28:04Z" finished-at="2021-04-05T11:28:44Z">
          <params>
            <param index="0">
              <value>
                <![CDATA[SauceLabAndroid]]>
              </value>
            </param>
          </params>
          <reporter-output>
          </reporter-output>
        </test-method> <!-- createDriver -->
        <test-method status="FAIL" signature="LennoxHeaterProductCheckoutTest(java.lang.String, java.lang.String, java.lang.String, java.lang.String, java.lang.String, java.lang.String, java.lang.String, java.lang.String, java.lang.String, java.lang.String, java.lang.String, java.lang.String, java.lang.String, java.lang.String, java.lang.String, java.lang.String)[pri:0, instance:tests.testngTests.LennoxTest@e45f292]" name="LennoxHeaterProductCheckoutTest" duration-ms="180387" started-at="2021-04-05T11:28:46Z" data-provider="LennoxHeaterProductCheckoutTest" finished-at="2021-04-05T11:31:46Z">
          <params>
            <param index="0">
              <value>
                <![CDATA[adsync104@outlook.com]]>
              </value>
            </param>
            <param index="1">
              <value>
                <![CDATA[Community14]]>
              </value>
            </param>
            <param index="2">
              <value>
                <![CDATA[LennoxPros Logo]]>
              </value>
            </param>
            <param index="3">
              <value>
                <![CDATA[14 results]]>
              </value>
            </param>
            <param index="4">
              <value>
                <![CDATA[Within 120 miles]]>
              </value>
            </param>
            <param index="5">
              <value>
                <![CDATA[Mini-Split Single Zone Heat Pumps]]>
              </value>
            </param>
            <param index="6">
              <value>
                <![CDATA[75080]]>
              </value>
            </param>
            <param index="7">
              <value>
                <![CDATA[45133-1102]]>
              </value>
            </param>
            <param index="8">
              <value>
                <![CDATA[6]]>
              </value>
            </param>
            <param index="9">
              <value>
                <![CDATA[123455678]]>
              </value>
            </param>
            <param index="10">
              <value>
                <![CDATA[Grand Prairie]]>
              </value>
            </param>
            <param index="11">
              <value>
                <![CDATA[Cincinnati]]>
              </value>
            </param>
            <param index="12">
              <value>
                <![CDATA[Lennox, Mini-Split Heat Pump Low Ambient Outdoor Unit, .75 Ton, 115V, 1 Phase, 60Hz, MPB009S4S-1L]]>
              </value>
            </param>
            <param index="13">
              <value>
                <![CDATA[CAT # 15U57]]>
              </value>
            </param>
            <param index="14">
              <value>
                <![CDATA[MODEL # MPB009S4S-1L]]>
              </value>
            </param>
            <param index="15">
              <value>
                <![CDATA[Price: $5,550.00]]>
              </value>
            </param>
          </params>
          <exception class="org.openqa.selenium.WebDriverException">
            <message>
              <![CDATA[<html><body><h1>504 Gateway Time-out</h1>
The server didn't respond in time.
</body></html>
Command duration or timeout: 180.34 seconds
Build info: version: '3.141.59', revision: 'e82be7d358', time: '2018-11-14T08:17:03'
System info: host: 'DESKTOP-7IDVFK7', ip: '192.168.29.144', os.name: 'Windows 10', os.arch: 'amd64', os.version: '10.0', java.version: '1.8.0_151'
Driver info: io.appium.java_client.android.AndroidDriver
Capabilities {app: /tmp/tmpckY0nq/aos.apk, appActivity: crc647cb4db12adeb0334.Splas..., appPackage: com.lennox.DaveNet, autoAcceptAlerts: true, automationName: UiAutomator2, databaseEnabled: false, desired: {app: /tmp/tmpckY0nq/aos.apk, appActivity: crc647cb4db12adeb0334.Splas..., appPackage: com.lennox.DaveNet, autoAcceptAlerts: true, automationName: UiAutomator2, deviceName: Samsung Galaxy Tab A 10 Goo..., eventTimings: true, maxTypingFrequency: 8, newCommandTimeout: 0, noReset: false, noSign: true, orientation: PORTRAIT, platformName: Android, platformVersion: 8.0, proxy: {proxyAutoconfigUrl: http://127.0.0.1:19876/pac.js, proxyType: PAC}, udid: emulator-5554, webdriver.remote.quietExceptions: false}, deviceManufacturer: unknown, deviceModel: Android SDK built for x86_64, deviceName: emulator-5554, deviceScreenDensity: 240, deviceScreenSize: 1200x1920, deviceUDID: emulator-5554, eventTimings: true, hasMetadata: true, javascriptEnabled: true, locationContextEnabled: false, maxTypingFrequency: 8, networkConnectionEnabled: true, newCommandTimeout: 0, noReset: false, noSign: true, orientation: PORTRAIT, pixelRatio: 1.5, platform: LINUX, platformName: Android, platformVersion: 8.0.0, proxy: Proxy(pac: http://127.0.0.1..., statBarHeight: 36, takesScreenshot: true, udid: emulator-5554, viewportRect: {height: 1812, left: 0, top: 36, width: 1200}, warnings: {}, webStorageEnabled: false, webdriver.remote.quietExceptions: false, webdriver.remote.sessionid: 55c182f8dad7485fb2683bc3a9c...}
Session ID: 55c182f8dad7485fb2683bc3a9c6e453]]>
            </message>
            <full-stacktrace>
              <![CDATA[org.openqa.selenium.WebDriverException: <html><body><h1>504 Gateway Time-out</h1>
The server didn't respond in time.
</body></html>
Command duration or timeout: 180.34 seconds
Build info: version: '3.141.59', revision: 'e82be7d358', time: '2018-11-14T08:17:03'
System info: host: 'DESKTOP-7IDVFK7', ip: '192.168.29.144', os.name: 'Windows 10', os.arch: 'amd64', os.version: '10.0', java.version: '1.8.0_151'
Driver info: io.appium.java_client.android.AndroidDriver
Capabilities {app: /tmp/tmpckY0nq/aos.apk, appActivity: crc647cb4db12adeb0334.Splas..., appPackage: com.lennox.DaveNet, autoAcceptAlerts: true, automationName: UiAutomator2, databaseEnabled: false, desired: {app: /tmp/tmpckY0nq/aos.apk, appActivity: crc647cb4db12adeb0334.Splas..., appPackage: com.lennox.DaveNet, autoAcceptAlerts: true, automationName: UiAutomator2, deviceName: Samsung Galaxy Tab A 10 Goo..., eventTimings: true, maxTypingFrequency: 8, newCommandTimeout: 0, noReset: false, noSign: true, orientation: PORTRAIT, platformName: Android, platformVersion: 8.0, proxy: {proxyAutoconfigUrl: http://127.0.0.1:19876/pac.js, proxyType: PAC}, udid: emulator-5554, webdriver.remote.quietExceptions: false}, deviceManufacturer: unknown, deviceModel: Android SDK built for x86_64, deviceName: emulator-5554, deviceScreenDensity: 240, deviceScreenSize: 1200x1920, deviceUDID: emulator-5554, eventTimings: true, hasMetadata: true, javascriptEnabled: true, locationContextEnabled: false, maxTypingFrequency: 8, networkConnectionEnabled: true, newCommandTimeout: 0, noReset: false, noSign: true, orientation: PORTRAIT, pixelRatio: 1.5, platform: LINUX, platformName: Android, platformVersion: 8.0.0, proxy: Proxy(pac: http://127.0.0.1..., statBarHeight: 36, takesScreenshot: true, udid: emulator-5554, viewportRect: {height: 1812, left: 0, top: 36, width: 1200}, warnings: {}, webStorageEnabled: false, webdriver.remote.quietExceptions: false, webdriver.remote.sessionid: 55c182f8dad7485fb2683bc3a9c...}
Session ID: 55c182f8dad7485fb2683bc3a9c6e453
	at sun.reflect.NativeConstructorAccessorImpl.newInstance0(Native Method)
	at sun.reflect.NativeConstructorAccessorImpl.newInstance(NativeConstructorAccessorImpl.java:62)
	at sun.reflect.DelegatingConstructorAccessorImpl.newInstance(DelegatingConstructorAccessorImpl.java:45)
	at java.lang.reflect.Constructor.newInstance(Constructor.java:423)
	at org.openqa.selenium.remote.ErrorHandler.createThrowable(ErrorHandler.java:214)
	at org.openqa.selenium.remote.ErrorHandler.throwIfResponseFailed(ErrorHandler.java:166)
	at org.openqa.selenium.remote.RemoteWebDriver.execute(RemoteWebDriver.java:586)
	at io.appium.java_client.DefaultGenericMobileDriver.execute(DefaultGenericMobileDriver.java:45)
	at io.appium.java_client.AppiumDriver.execute(AppiumDriver.java:1)
	at io.appium.java_client.android.AndroidDriver.execute(AndroidDriver.java:1)
	at org.openqa.selenium.remote.RemoteWebDriver$RemoteTargetLocator.alert(RemoteWebDriver.java:932)
	at org.openqa.selenium.support.ui.ExpectedConditions$28.apply(ExpectedConditions.java:806)
	at org.openqa.selenium.support.ui.ExpectedConditions$28.apply(ExpectedConditions.java:802)
	at org.openqa.selenium.support.ui.FluentWait.until(FluentWait.java:249)
	at utils.GenericMethods.isAlertPresent(GenericMethods.java:182)
	at IntegrationTests.screens.android.LoginScreen.alertHandle(LoginScreen.java:43)
	at IntegrationTests.coreLogic.android.AndroidCoreLogic.verifyLoginFlow(AndroidCoreLogic.java:33)
	at tests.testngTests.LennoxTest.LennoxHeaterProductCheckoutTest(LennoxTest.java:73)
	at sun.reflect.NativeMethodAccessorImpl.invoke0(Native Method)
	at sun.reflect.NativeMethodAccessorImpl.invoke(NativeMethodAccessorImpl.java:62)
	at sun.reflect.DelegatingMethodAccessorImpl.invoke(DelegatingMethodAccessorImpl.java:43)
	at java.lang.reflect.Method.invoke(Method.java:498)
	at org.testng.internal.MethodInvocationHelper.invokeMethod(MethodInvocationHelper.java:86)
	at org.testng.internal.Invoker.invokeMethod(Invoker.java:643)
	at org.testng.internal.Invoker.invokeTestMethod(Invoker.java:820)
	at org.testng.internal.Invoker.invokeTestMethods(Invoker.java:1128)
	at org.testng.internal.TestMethodWorker.invokeTestMethods(TestMethodWorker.java:129)
	at org.testng.internal.TestMethodWorker.run(TestMethodWorker.java:112)
	at org.testng.TestRunner.privateRun(TestRunner.java:782)
	at org.testng.TestRunner.run(TestRunner.java:632)
	at org.testng.SuiteRunner.runTest(SuiteRunner.java:366)
	at org.testng.SuiteRunner.runSequentially(SuiteRunner.java:361)
	at org.testng.SuiteRunner.privateRun(SuiteRunner.java:319)
	at org.testng.SuiteRunner.run(SuiteRunner.java:268)
	at org.testng.SuiteRunnerWorker.runSuite(SuiteRunnerWorker.java:52)
	at org.testng.SuiteRunnerWorker.run(SuiteRunnerWorker.java:86)
	at org.testng.TestNG.runSuitesSequentially(TestNG.java:1244)
	at org.testng.TestNG.runSuitesLocally(TestNG.java:1169)
	at org.testng.TestNG.run(TestNG.java:1064)
	at org.apache.maven.surefire.testng.TestNGExecutor.run(TestNGExecutor.java:283)
	at org.apache.maven.surefire.testng.TestNGXmlTestSuite.execute(TestNGXmlTestSuite.java:75)
	at org.apache.maven.surefire.testng.TestNGProvider.invoke(TestNGProvider.java:120)
	at org.apache.maven.surefire.booter.ForkedBooter.invokeProviderInSameClassLoader(ForkedBooter.java:384)
	at org.apache.maven.surefire.booter.ForkedBooter.runSuitesInProcess(ForkedBooter.java:345)
	at org.apache.maven.surefire.booter.ForkedBooter.execute(ForkedBooter.java:126)
	at org.apache.maven.surefire.booter.ForkedBooter.main(ForkedBooter.java:418)
]]>
            </full-stacktrace>
          </exception> <!-- org.openqa.selenium.WebDriverException -->
          <reporter-output>
          </reporter-output>
        </test-method> <!-- LennoxHeaterProductCheckoutTest -->
        <test-method status="PASS" signature="teardown()[pri:0, instance:tests.testngTests.LennoxTest@e45f292]" name="teardown" is-config="true" duration-ms="1879" started-at="2021-04-05T11:31:46Z" finished-at="2021-04-05T11:31:48Z">
          <reporter-output>
          </reporter-output>
        </test-method> <!-- teardown -->
      </class> <!-- tests.testngTests.LennoxTest -->
    </test> <!-- Lenoxo app -->
  </suite> <!-- Lenoxo suite -->
</testng-results>
