<?xml version="1.0" encoding="UTF-8"?>
<testsuite xmlns:xsi="http://www.w3.org/2001/XMLSchema-instance" xsi:noNamespaceSchemaLocation="https://maven.apache.org/surefire/maven-surefire-plugin/xsd/surefire-test-report.xsd" name="TestSuite" time="101.612" tests="1" errors="0" skipped="0" failures="1">
  <properties>
[...]
</properties>
  <testcase name="LoginFlow" classname="tests.testngTests.LennoxTest" time="80.438">
    <failure message="Swipe action cannot be performed&#10;Build info: version: &apos;3.141.59&apos;, revision: &apos;e82be7d358&apos;, time: &apos;2018-11-14T08:17:03&apos;&#10;System info: host: &apos;DESKTOP-7IDVFK7&apos;, ip: &apos;192.168.29.143&apos;, os.name: &apos;Windows 10&apos;, os.arch: &apos;amd64&apos;, os.version: &apos;10.0&apos;, java.version: &apos;1.8.0_151&apos;&#10;Driver info: io.appium.java_client.android.AndroidDriver&#10;Capabilities {app: F:\LennoxAppFramework\src\m..., appActivity: crc647cb4db12adeb0334.Splas..., appPackage: com.lennox.DaveNet, automationName: UiAutomator2, databaseEnabled: false, desired: {app: F:\LennoxAppFramework\src\m..., appActivity: crc647cb4db12adeb0334.Splas..., appPackage: com.lennox.DaveNet, automationName: UiAutomator2, deviceName: OnePlus8_IND, noReset: false, platformName: android, platformVersion: 11.0}, deviceApiLevel: 30, deviceManufacturer: OnePlus, deviceModel: IN2011, deviceName: 8c0e4216, deviceScreenDensity: 450, deviceScreenSize: 1080x2400, deviceUDID: 8c0e4216, javascriptEnabled: true, locationContextEnabled: false, networkConnectionEnabled: true, noReset: false, pixelRatio: 2.8125, platform: LINUX, platformName: Android, platformVersion: 11, statBarHeight: 104, takesScreenshot: true, viewportRect: {height: 2148, left: 0, top: 104, width: 1080}, warnings: {}, webStorageEnabled: false}&#10;Session ID: 1b701cb1-05a7-484b-903f-278a60b14125" type="org.openqa.selenium.InvalidElementStateException">org.openqa.selenium.InvalidElementStateException: 
Swipe action cannot be performed
Build info: version: '3.141.59', revision: 'e82be7d358', time: '2018-11-14T08:17:03'
System info: host: 'DESKTOP-7IDVFK7', ip: '192.168.29.143', os.name: 'Windows 10', os.arch: 'amd64', os.version: '10.0', java.version: '1.8.0_151'
Driver info: io.appium.java_client.android.AndroidDriver
Capabilities {app: F:\LennoxAppFramework\src\m..., appActivity: crc647cb4db12adeb0334.Splas..., appPackage: com.lennox.DaveNet, automationName: UiAutomator2, databaseEnabled: false, desired: {app: F:\LennoxAppFramework\src\m..., appActivity: crc647cb4db12adeb0334.Splas..., appPackage: com.lennox.DaveNet, automationName: UiAutomator2, deviceName: OnePlus8_IND, noReset: false, platformName: android, platformVersion: 11.0}, deviceApiLevel: 30, deviceManufacturer: OnePlus, deviceModel: IN2011, deviceName: 8c0e4216, deviceScreenDensity: 450, deviceScreenSize: 1080x2400, deviceUDID: 8c0e4216, javascriptEnabled: true, locationContextEnabled: false, networkConnectionEnabled: true, noReset: false, pixelRatio: 2.8125, platform: LINUX, platformName: Android, platformVersion: 11, statBarHeight: 104, takesScreenshot: true, viewportRect: {height: 2148, left: 0, top: 104, width: 1080}, warnings: {}, webStorageEnabled: false}
Session ID: 1b701cb1-05a7-484b-903f-278a60b14125
	at tests.testngTests.LennoxTest.LoginFlow(LennoxTest.java:97)
</failure>
    <system-out><![CDATA[[TestNGContentHandler] [WARN] It is strongly recommended to add "<!DOCTYPE suite SYSTEM "http://testng.org/testng-1.0.dtd" >" at the top of your file, otherwise TestNG may fail or not work as expected.
02 Apr 2021 19:20:38  INFO logger - --------------------------------------
02 Apr 2021 19:20:55  INFO logger - Android driver created
02 Apr 2021 19:20:55  INFO logger - Android Core logic class instantiated
02 Apr 2021 19:20:56  INFO logger - check if any alert present
02 Apr 2021 19:21:03  INFO logger - Logo is displayed
02 Apr 2021 19:21:03  INFO logger - user click on Sign In link
Element is getting entered adsync104@outlook.com
Element is getting entered Community14
02 Apr 2021 19:21:16  INFO logger - Login Successful
02 Apr 2021 19:21:17  INFO logger - user clear the cart first
02 Apr 2021 19:21:21  INFO logger - Cart Logo is displayed
02 Apr 2021 19:21:24  INFO logger - cart is already empty
02 Apr 2021 19:21:24  INFO logger - cart is empty now
02 Apr 2021 19:21:24  INFO logger - user click on Menu Icon
02 Apr 2021 19:21:27  INFO logger - user select commercial option from Menu
02 Apr 2021 19:21:31  INFO logger - user scroll and select Mini-Split Single Zone Heat Pumps from the commercial list
02 Apr 2021 19:21:56  INFO logger - user is shown 14 results
02 Apr 2021 19:21:56  INFO logger - user check default deliver to 45133-1102 and pickup Cincinnati
02 Apr 2021 19:21:57  INFO logger - user clicked to modify store pickup
Element is getting entered 75080
02 Apr 2021 19:22:03  INFO logger - user select 120 miles
02 Apr 2021 19:22:06  INFO logger - click On Go button and unselect default store
02 Apr 2021 19:22:09  INFO logger - user scroll and check if View More is avaialble
]]></system-out>
    <system-err><![CDATA[Apr 02, 2021 7:20:54 PM io.appium.java_client.remote.AppiumCommandExecutor$1 lambda$0
INFO: Detected dialect: W3C
Apr 02, 2021 7:21:16 PM org.openqa.selenium.remote.Augmenter extractRemoteWebDriver
WARNING: Augmenter should be applied to the instances of @Augmentable classes or previously augmented instances only (instance class was: class io.appium.java_client.android.AndroidDriver)
]]></system-err>
  </testcase>
</testsuite>