<?xml version="1.0" encoding="UTF-8"?>
<!-- Generated by org.testng.reporters.JUnitXMLReporter -->
<testsuite hostname="DESKTOP-7IDVFK7" name="lenoxo-App-Test" tests="1" failures="1" timestamp="31 Mar 2021 16:56:49 GMT" time="236.921" errors="0">
  <testcase name="UserCheckOutMiniHeaterProduct" time="196.362" classname="tests.testngTests.LennoxTest">
    <failure type="org.openqa.selenium.TimeoutException" message="Expected condition failed: waiting for visibility of Proxy element for: DefaultElementLocator &amp;apos;By.xpath: //android.view.View[@resource-id=&amp;apos;store-radius&amp;apos;]&amp;apos; (tried for 100 second(s) with 500 milliseconds interval)">
      <![CDATA[org.openqa.selenium.TimeoutException: Expected condition failed: waiting for visibility of Proxy element for: DefaultElementLocator 'By.xpath: //android.view.View[@resource-id='store-radius']' (tried for 100 second(s) with 500 milliseconds interval)
	at org.openqa.selenium.support.ui.WebDriverWait.timeoutException(WebDriverWait.java:95)
	at org.openqa.selenium.support.ui.FluentWait.until(FluentWait.java:272)
	at utils.GenericMethods.WaitTillVisible(GenericMethods.java:81)
	at IntegrationTests.screens.android.DashBoardScreen.userSelectRadius(DashBoardScreen.java:142)
	at IntegrationTests.coreLogic.android.AndroidCoreLogic.userChangeTheStorePickup(AndroidCoreLogic.java:74)
	at tests.testngTests.LennoxTest.UserCheckOutMiniHeaterProduct(LennoxTest.java:45)
Caused by: org.openqa.selenium.NoSuchElementException: An element could not be located on the page using the given search parameters. (WARNING: The server did not provide any stacktrace information)
Command duration or timeout: 0 milliseconds
For documentation on this error, please visit: https://www.seleniumhq.org/exceptions/no_such_element.html
Build info: version: '3.141.59', revision: 'e82be7d358', time: '2018-11-14T08:17:03'
System info: host: 'DESKTOP-7IDVFK7', ip: '192.168.29.143', os.name: 'Windows 10', os.arch: 'amd64', os.version: '10.0', java.version: '1.8.0_151'
Driver info: io.appium.java_client.android.AndroidDriver
Capabilities {adbPort: 15009, appActivity: crc647cb4db12adeb0334.Splas..., appPackage: com.lennox.DaveNet, automationName: UiAutomator2, chromedriverChromeMappingFile: /root/.testobject_devices/w..., chromedriverExecutableDir: /root/.testobject_devices/w..., chromedriverPorts: [[26090, 26100]], databaseEnabled: false, desired: {adbPort: 15009, appActivity: crc647cb4db12adeb0334.Splas..., appPackage: com.lennox.DaveNet, automationName: UiAutomator2, chromedriverChromeMappingFile: /root/.testobject_devices/w..., chromedriverExecutableDir: /root/.testobject_devices/w..., chromedriverPorts: [[26090, 26100]], deviceName: Samsung_Galaxy_S9_free, name: UserCheckOutMiniHeaterProduct, noReset: false, platformName: Android, suppressKillServer: true, systemPort: 8209, testobject_platform_name: Android, testobject_test_name: UserCheckOutMiniHeaterProduct, uiautomator2ServerInstallTimeout: 60000}, deviceApiLevel: 29, deviceContextId: 78a1cd65-aba4-478f-8458-1ce..., deviceManufacturer: samsung, deviceModel: SM-G960U1, deviceName: 10.101.72.23:16027, deviceScreenDensity: 640, deviceScreenSize: 1440x2960, deviceUDID: 10.101.72.23:16027, javascriptEnabled: true, locationContextEnabled: false, name: UserCheckOutMiniHeaterProduct, networkConnectionEnabled: true, noReset: false, pixelRatio: 4, platform: LINUX, platformName: Android, platformVersion: 10, statBarHeight: 96, suppressKillServer: true, systemPort: 8209, takesScreenshot: true, testobject_device: Samsung_Galaxy_S9_free, testobject_device_name: Samsung Galaxy S9, testobject_device_session_id: 1f35bc33-d5ab-4d56-9628-f95..., testobject_platform_name: Android, testobject_project_id: saucelabs-default, testobject_test_name: UserCheckOutMiniHeaterProduct, testobject_test_report_api_url: https://api.us-west-1.sauce..., testobject_test_report_id: 59, testobject_test_report_url: https://app.saucelabs.com/t..., testobject_user_id: ishika1235, uiautomator2ServerInstallTimeout: 60000, viewportRect: {height: 2672, left: 0, top: 96, width: 1440}, warnings: {}, webStorageEnabled: false}
Session ID: 46e936a8-ba2a-4366-832d-fd1d05c5a9bb
*** Element info: {Using=xpath, value=//android.view.View[@resource-id='store-radius']}
	at org.openqa.selenium.remote.ErrorHandler.createThrowable(ErrorHandler.java:214)
	at org.openqa.selenium.remote.ErrorHandler.throwIfResponseFailed(ErrorHandler.java:166)
	at org.openqa.selenium.remote.http.JsonHttpResponseCodec.reconstructValue(JsonHttpResponseCodec.java:40)
	at org.openqa.selenium.remote.http.AbstractHttpResponseCodec.decode(AbstractHttpResponseCodec.java:80)
	at org.openqa.selenium.remote.http.AbstractHttpResponseCodec.decode(AbstractHttpResponseCodec.java:44)
	at org.openqa.selenium.remote.HttpCommandExecutor.execute(HttpCommandExecutor.java:158)
	at io.appium.java_client.remote.AppiumCommandExecutor.execute(AppiumCommandExecutor.java:239)
	at org.openqa.selenium.remote.RemoteWebDriver.execute(RemoteWebDriver.java:552)
	at io.appium.java_client.DefaultGenericMobileDriver.execute(DefaultGenericMobileDriver.java:41)
	at io.appium.java_client.AppiumDriver.execute(AppiumDriver.java:1)
	at io.appium.java_client.android.AndroidDriver.execute(AndroidDriver.java:1)
	at org.openqa.selenium.remote.RemoteWebDriver.findElement(RemoteWebDriver.java:323)
	at io.appium.java_client.DefaultGenericMobileDriver.findElement(DefaultGenericMobileDriver.java:61)
	at io.appium.java_client.AppiumDriver.findElement(AppiumDriver.java:1)
	at io.appium.java_client.android.AndroidDriver.findElement(AndroidDriver.java:1)
	at org.openqa.selenium.remote.RemoteWebDriver.findElementByXPath(RemoteWebDriver.java:428)
	at io.appium.java_client.DefaultGenericMobileDriver.findElementByXPath(DefaultGenericMobileDriver.java:151)
	at io.appium.java_client.AppiumDriver.findElementByXPath(AppiumDriver.java:1)
	at io.appium.java_client.android.AndroidDriver.findElementByXPath(AndroidDriver.java:1)
	at org.openqa.selenium.By$ByXPath.findElement(By.java:353)
	at org.openqa.selenium.remote.RemoteWebDriver.findElement(RemoteWebDriver.java:315)
	at io.appium.java_client.DefaultGenericMobileDriver.findElement(DefaultGenericMobileDriver.java:57)
	at io.appium.java_client.AppiumDriver.findElement(AppiumDriver.java:1)
	at io.appium.java_client.android.AndroidDriver.findElement(AndroidDriver.java:1)
	at org.openqa.selenium.support.pagefactory.DefaultElementLocator.findElement(DefaultElementLocator.java:69)
	at org.openqa.selenium.support.pagefactory.internal.LocatingElementHandler.invoke(LocatingElementHandler.java:38)
	at com.sun.proxy.$Proxy10.isDisplayed(Unknown Source)
	at org.openqa.selenium.support.ui.ExpectedConditions.elementIfVisible(ExpectedConditions.java:314)
	at org.openqa.selenium.support.ui.ExpectedConditions.access$000(ExpectedConditions.java:43)
	at org.openqa.selenium.support.ui.ExpectedConditions$10.apply(ExpectedConditions.java:300)
	at org.openqa.selenium.support.ui.ExpectedConditions$10.apply(ExpectedConditions.java:297)
	at org.openqa.selenium.support.ui.FluentWait.until(FluentWait.java:249)
	... 32 more
... Removed 31 stack frames]]>
    </failure>
  </testcase> <!-- UserCheckOutMiniHeaterProduct -->
</testsuite> <!-- lenoxo-App-Test -->
